2025-05-05 15:24:43,673 - INFO - ====== WebDriver manager ======
2025-05-05 15:24:49,465 - INFO - Get LATEST chromedriver version for google-chrome
2025-05-05 15:24:49,938 - INFO - Get LATEST chromedriver version for google-chrome
2025-05-05 15:24:50,300 - INFO - Driver [C:\Users\Huzaifa\.wdm\drivers\chromedriver\win64\135.0.7049.114\chromedriver-win32/chromedriver.exe] found in cache
2025-05-05 15:25:19,639 - ERROR - Read more and read less aren't found on the page.
2025-05-05 15:28:41,934 - INFO - ====== WebDriver manager ======
2025-05-05 15:28:43,939 - INFO - Get LATEST chromedriver version for google-chrome
2025-05-05 15:28:44,277 - INFO - Get LATEST chromedriver version for google-chrome
2025-05-05 15:28:44,604 - INFO - Driver [C:\Users\Huzaifa\.wdm\drivers\chromedriver\win64\135.0.7049.114\chromedriver-win32/chromedriver.exe] found in cache
2025-05-05 15:29:31,389 - INFO - learn more link clicked via JavaScript.
2025-05-09 16:29:39,018 - INFO - ====== WebDriver manager ======
2025-05-09 16:29:42,817 - INFO - Get LATEST chromedriver version for google-chrome
2025-05-09 16:29:43,200 - INFO - Get LATEST chromedriver version for google-chrome
2025-05-09 16:29:43,539 - INFO - There is no [win64] chromedriver "136.0.7103.92" for browser google-chrome "136.0.7103" in cache
2025-05-09 16:29:43,539 - INFO - Get LATEST chromedriver version for google-chrome
2025-05-09 16:29:44,357 - INFO - WebDriver version 136.0.7103.92 selected
2025-05-09 16:29:44,362 - INFO - Modern chrome version https://storage.googleapis.com/chrome-for-testing-public/136.0.7103.92/win32/chromedriver-win32.zip
2025-05-09 16:29:44,362 - INFO - About to download new driver from https://storage.googleapis.com/chrome-for-testing-public/136.0.7103.92/win32/chromedriver-win32.zip
2025-05-09 16:29:44,613 - INFO - Driver downloading response is 200
2025-05-09 16:29:45,809 - INFO - Get LATEST chromedriver version for google-chrome
2025-05-09 16:29:47,774 - INFO - Driver has been saved in cache [C:\Users\Huzaifa\.wdm\drivers\chromedriver\win64\136.0.7103.92]
2025-05-09 16:30:06,359 - INFO - learn more link clicked via JavaScript.
